build/app/intermediates/manifest_merge_blame_file/release/manifest-merger-blame-release-report.txt
1<?xml version="1.0" encoding="utf-8"?>
2<manifest xmlns:android="http://schemas.android.com/apk/res/android"
3    package="com.sado.ksa"
4    android:targetSandboxVersion="1"
5    android:versionCode="3"
6    android:versionName="1.0.0" >
7
8    <uses-sdk
9        android:minSdkVersion="21"
9-->src/main/AndroidManifest.xml
10        android:targetSdkVersion="34" />
10-->src/main/AndroidManifest.xml
11
12    <uses-permission android:name="android.permission.INTERNET" />
12-->src/main/AndroidManifest.xml:5:5-66
12-->src/main/AndroidManifest.xml:5:22-64
13    <uses-permission android:name="android.permission.WAKE_LOCK" />
13-->src/main/AndroidManifest.xml:6:5-68
13-->src/main/AndroidManifest.xml:6:22-65
14    <uses-permission android:name="android.permission.ACCESS_WIFI_STATE" />
14-->src/main/AndroidManifest.xml:7:5-76
14-->src/main/AndroidManifest.xml:7:22-73
15    <uses-permission android:name="android.permission.ACCESS_NETWORK_STATE" />
15-->src/main/AndroidManifest.xml:8:5-79
15-->src/main/AndroidManifest.xml:8:22-76
16    <uses-permission android:name="android.permission.READ_EXTERNAL_STORAGE" />
16-->src/main/AndroidManifest.xml:9:5-80
16-->src/main/AndroidManifest.xml:9:22-77
17    <uses-permission android:name="android.permission.WRITE_EXTERNAL_STORAGE" />
17-->src/main/AndroidManifest.xml:10:5-81
17-->src/main/AndroidManifest.xml:10:22-78
18    <uses-permission android:name="android.permission.BLUETOOTH" />
18-->src/main/AndroidManifest.xml:11:5-68
18-->src/main/AndroidManifest.xml:11:22-65
19    <uses-permission android:name="android.permission.BLUETOOTH_ADMIN" />
19-->src/main/AndroidManifest.xml:12:5-74
19-->src/main/AndroidManifest.xml:12:22-71
20    <uses-permission android:name="android.permission.ACCESS_COARSE_LOCATION" />
20-->src/main/AndroidManifest.xml:13:5-80
20-->src/main/AndroidManifest.xml:13:22-78
21    <uses-permission android:name="android.permission.ACCESS_FINE_LOCATION" />
21-->src/main/AndroidManifest.xml:14:5-78
21-->src/main/AndroidManifest.xml:14:22-76
22    <uses-permission android:name="android.permission.READ_MEDIA_IMAGES" />
22-->src/main/AndroidManifest.xml:15:5-75
22-->src/main/AndroidManifest.xml:15:22-73
23    <uses-permission android:name="android.permission.READ_MEDIA_VIDEO" />
23-->src/main/AndroidManifest.xml:16:5-74
23-->src/main/AndroidManifest.xml:16:22-72
24    <uses-permission android:name="android.permission.READ_MEDIA_AUDIO" />
24-->src/main/AndroidManifest.xml:17:5-74
24-->src/main/AndroidManifest.xml:17:22-72
25
26    <queries>
26-->src/main/AndroidManifest.xml:19:5-33:15
27        <intent>
27-->src/main/AndroidManifest.xml:20:9-23:18
28            <action android:name="android.intent.action.VIEW" />
28-->src/main/AndroidManifest.xml:21:13-65
28-->src/main/AndroidManifest.xml:21:21-62
29
30            <data android:scheme="https" />
30-->src/main/AndroidManifest.xml:22:13-44
30-->src/main/AndroidManifest.xml:22:19-41
31        </intent>
32        <intent>
32-->src/main/AndroidManifest.xml:24:9-27:18
33            <action android:name="android.intent.action.DIAL" />
33-->src/main/AndroidManifest.xml:25:13-65
33-->src/main/AndroidManifest.xml:25:21-62
34
35            <data android:scheme="tel" />
35-->src/main/AndroidManifest.xml:22:13-44
35-->src/main/AndroidManifest.xml:22:19-41
36        </intent>
37        <intent>
37-->src/main/AndroidManifest.xml:28:9-31:18
38            <action android:name="android.intent.action.SEND" />
38-->src/main/AndroidManifest.xml:29:13-65
38-->src/main/AndroidManifest.xml:29:21-62
39
40            <data android:mimeType="*/*" />
40-->src/main/AndroidManifest.xml:22:13-44
40-->src/main/AndroidManifest.xml:30:19-41
41        </intent>
42
43        <provider android:authorities="com.facebook.katana.provider.PlatformProvider" />
43-->src/main/AndroidManifest.xml:32:9-89
43-->src/main/AndroidManifest.xml:32:19-86
44
45        <intent>
45-->[:flutter_downloader] AndroidManifest.xml:11:9-13:18
46            <action android:name="android.intent.action.VIEW" />
46-->src/main/AndroidManifest.xml:21:13-65
46-->src/main/AndroidManifest.xml:21:21-62
47        </intent>
48        <intent>
48-->[:flutter_inappwebview_android] AndroidManifest.xml:10:9-12:18
49            <action android:name="android.support.customtabs.action.CustomTabsService" />
49-->[:flutter_inappwebview_android] AndroidManifest.xml:11:13-90
49-->[:flutter_inappwebview_android] AndroidManifest.xml:11:21-87
50        </intent>
51
52        <package android:name="com.facebook.katana" /> <!-- Needs to be explicitly declared on Android R+ -->
52-->[com.facebook.android:facebook-common:16.3.0] AndroidManifest.xml:18:9-55
52-->[com.facebook.android:facebook-common:16.3.0] AndroidManifest.xml:18:18-52
53        <package android:name="com.google.android.apps.maps" />
53-->[com.google.android.gms:play-services-maps:18.2.0] AndroidManifest.xml:33:9-64
53-->[com.google.android.gms:play-services-maps:18.2.0] AndroidManifest.xml:33:18-61
54    </queries>
55    <!-- Permissions options for the `notification` group -->
56    <uses-permission android:name="android.permission.POST_NOTIFICATIONS" />
56-->[:firebase_messaging] AndroidManifest.xml:13:5-77
56-->[:firebase_messaging] AndroidManifest.xml:13:22-74
57    <uses-permission android:name="android.permission.VIBRATE" />
57-->[:flutter_local_notifications] AndroidManifest.xml:9:5-66
57-->[:flutter_local_notifications] AndroidManifest.xml:9:22-63
58    <uses-permission android:name="android.permission.RECEIVE_BOOT_COMPLETED" />
58-->[androidx.work:work-runtime:2.9.0] AndroidManifest.xml:25:5-81
58-->[androidx.work:work-runtime:2.9.0] AndroidManifest.xml:25:22-78
59    <uses-permission android:name="android.permission.FOREGROUND_SERVICE" />
59-->[androidx.work:work-runtime:2.9.0] AndroidManifest.xml:26:5-77
59-->[androidx.work:work-runtime:2.9.0] AndroidManifest.xml:26:22-74
60
61    <uses-feature
61-->[com.google.android.gms:play-services-maps:18.2.0] AndroidManifest.xml:26:5-28:35
62        android:glEsVersion="0x00020000"
62-->[com.google.android.gms:play-services-maps:18.2.0] AndroidManifest.xml:27:9-41
63        android:required="true" /> <!-- Required by older versions of Google Play services to create IID tokens -->
63-->[com.google.android.gms:play-services-maps:18.2.0] AndroidManifest.xml:28:9-32
64    <uses-permission android:name="com.google.android.c2dm.permission.RECEIVE" />
64-->[com.google.firebase:firebase-messaging:24.1.0] AndroidManifest.xml:26:5-82
64-->[com.google.firebase:firebase-messaging:24.1.0] AndroidManifest.xml:26:22-79
65    <uses-permission android:name="com.google.android.gms.permission.AD_ID" />
65-->[com.facebook.android:facebook-core:16.3.0] AndroidManifest.xml:16:5-79
65-->[com.facebook.android:facebook-core:16.3.0] AndroidManifest.xml:16:22-76
66
67    <permission
67-->[androidx.core:core:1.13.1] AndroidManifest.xml:22:5-24:47
68        android:name="com.sado.ksa.DYNAMIC_RECEIVER_NOT_EXPORTED_PERMISSION"
68-->[androidx.core:core:1.13.1] AndroidManifest.xml:23:9-81
69        android:protectionLevel="signature" />
69-->[androidx.core:core:1.13.1] AndroidManifest.xml:24:9-44
70
71    <uses-permission android:name="com.sado.ksa.DYNAMIC_RECEIVER_NOT_EXPORTED_PERMISSION" />
71-->[androidx.core:core:1.13.1] AndroidManifest.xml:26:5-97
71-->[androidx.core:core:1.13.1] AndroidManifest.xml:26:22-94
72    <uses-permission android:name="com.google.android.finsky.permission.BIND_GET_INSTALL_REFERRER_SERVICE" />
72-->[com.android.installreferrer:installreferrer:1.0] AndroidManifest.xml:9:5-110
72-->[com.android.installreferrer:installreferrer:1.0] AndroidManifest.xml:9:22-107
73
74    <application
74-->src/main/AndroidManifest.xml:35:5-133:19
75        android:appComponentFactory="androidx.core.app.CoreComponentFactory"
75-->[androidx.core:core:1.13.1] AndroidManifest.xml:28:18-86
76        android:icon="@mipmap/ic_launcher"
76-->src/main/AndroidManifest.xml:40:9-43
77        android:label="@string/app_name"
77-->src/main/AndroidManifest.xml:36:9-41
78        android:networkSecurityConfig="@xml/network_security_config"
78-->src/main/AndroidManifest.xml:39:9-69
79        android:requestLegacyExternalStorage="true"
79-->src/main/AndroidManifest.xml:37:9-52
80        android:supportsRtl="true"
80-->[com.facebook.android:facebook-login:16.3.0] AndroidManifest.xml:16:18-44
81        android:usesCleartextTraffic="true" >
81-->src/main/AndroidManifest.xml:38:9-44
82        <meta-data
82-->src/main/AndroidManifest.xml:42:9-44:71
83            android:name="com.google.android.geo.API_KEY"
83-->src/main/AndroidManifest.xml:43:13-58
84            android:value="AIzaSyA9dz1k_OYEKlwEVbtPqylfVAdqlRS0UL8" />
84-->src/main/AndroidManifest.xml:44:13-68
85
86        <activity
86-->src/main/AndroidManifest.xml:46:9-72:20
87            android:name="com.sado.ksa.MainActivity"
87-->src/main/AndroidManifest.xml:47:13-41
88            android:configChanges="orientation|keyboardHidden|keyboard|screenSize|smallestScreenSize|locale|layoutDirection|fontScale|screenLayout|density|uiMode"
88-->src/main/AndroidManifest.xml:51:13-163
89            android:exported="true"
89-->src/main/AndroidManifest.xml:48:13-38
90            android:hardwareAccelerated="true"
90-->src/main/AndroidManifest.xml:52:13-47
91            android:launchMode="singleTop"
91-->src/main/AndroidManifest.xml:49:13-43
92            android:theme="@style/LaunchTheme"
92-->src/main/AndroidManifest.xml:50:13-47
93            android:windowSoftInputMode="adjustResize" >
93-->src/main/AndroidManifest.xml:53:13-55
94            <meta-data
94-->src/main/AndroidManifest.xml:55:13-58:17
95                android:name="io.flutter.embedding.android.NormalTheme"
95-->src/main/AndroidManifest.xml:56:15-70
96                android:resource="@style/NormalTheme" />
96-->src/main/AndroidManifest.xml:57:15-52
97            <meta-data
97-->src/main/AndroidManifest.xml:60:13-63:17
98                android:name="io.flutter.embedding.android.SplashScreenDrawable"
98-->src/main/AndroidManifest.xml:61:15-79
99                android:resource="@drawable/launch_background" />
99-->src/main/AndroidManifest.xml:62:15-61
100
101            <intent-filter>
101-->src/main/AndroidManifest.xml:64:13-67:29
102                <action android:name="android.intent.action.MAIN" />
102-->src/main/AndroidManifest.xml:65:17-68
102-->src/main/AndroidManifest.xml:65:25-66
103
104                <category android:name="android.intent.category.LAUNCHER" />
104-->src/main/AndroidManifest.xml:66:17-76
104-->src/main/AndroidManifest.xml:66:27-74
105            </intent-filter>
106            <intent-filter>
106-->src/main/AndroidManifest.xml:68:13-71:29
107                <action android:name="FLUTTER_NOTIFICATION_CLICK" />
107-->src/main/AndroidManifest.xml:69:17-69
107-->src/main/AndroidManifest.xml:69:25-66
108
109                <category android:name="android.intent.category.DEFAULT" />
109-->src/main/AndroidManifest.xml:70:17-76
109-->src/main/AndroidManifest.xml:70:27-73
110            </intent-filter>
111        </activity>
112
113        <meta-data
113-->src/main/AndroidManifest.xml:74:9-76:33
114            android:name="flutterEmbedding"
114-->src/main/AndroidManifest.xml:75:13-44
115            android:value="2" />
115-->src/main/AndroidManifest.xml:76:13-30
116        <meta-data
116-->src/main/AndroidManifest.xml:77:9-78:54
117            android:name="com.facebook.sdk.ApplicationId"
117-->src/main/AndroidManifest.xml:77:20-65
118            android:value="@string/facebook_app_id" />
118-->src/main/AndroidManifest.xml:78:13-52
119
120        <activity
120-->src/main/AndroidManifest.xml:80:9-84:40
121            android:name="com.facebook.FacebookActivity"
121-->src/main/AndroidManifest.xml:80:19-63
122            android:configChanges="keyboard|keyboardHidden|screenLayout|screenSize|orientation"
122-->src/main/AndroidManifest.xml:81:13-113
123            android:exported="true"
123-->src/main/AndroidManifest.xml:84:13-38
124            android:label="@string/app_name"
124-->src/main/AndroidManifest.xml:83:13-45
125            android:theme="@style/com_facebook_activity_theme" />
125-->[com.facebook.android:facebook-common:16.3.0] AndroidManifest.xml:25:13-63
126        <activity
126-->src/main/AndroidManifest.xml:85:9-94:20
127            android:name="com.facebook.CustomTabActivity"
127-->src/main/AndroidManifest.xml:86:13-58
128            android:exported="true" >
128-->src/main/AndroidManifest.xml:87:13-36
129            <intent-filter>
129-->src/main/AndroidManifest.xml:88:13-93:29
130                <action android:name="android.intent.action.VIEW" />
130-->src/main/AndroidManifest.xml:21:13-65
130-->src/main/AndroidManifest.xml:21:21-62
131
132                <category android:name="android.intent.category.DEFAULT" />
132-->src/main/AndroidManifest.xml:70:17-76
132-->src/main/AndroidManifest.xml:70:27-73
133                <category android:name="android.intent.category.BROWSABLE" />
133-->src/main/AndroidManifest.xml:91:17-78
133-->src/main/AndroidManifest.xml:91:27-75
134
135                <data android:scheme="@string/fb_login_protocol_scheme" />
135-->src/main/AndroidManifest.xml:22:13-44
135-->src/main/AndroidManifest.xml:22:19-41
136            </intent-filter>
137            <intent-filter>
137-->[com.facebook.android:facebook-common:16.3.0] AndroidManifest.xml:31:13-40:29
138                <action android:name="android.intent.action.VIEW" />
138-->src/main/AndroidManifest.xml:21:13-65
138-->src/main/AndroidManifest.xml:21:21-62
139
140                <category android:name="android.intent.category.DEFAULT" />
140-->src/main/AndroidManifest.xml:70:17-76
140-->src/main/AndroidManifest.xml:70:27-73
141                <category android:name="android.intent.category.BROWSABLE" />
141-->src/main/AndroidManifest.xml:91:17-78
141-->src/main/AndroidManifest.xml:91:27-75
142
143                <data
143-->src/main/AndroidManifest.xml:22:13-44
144                    android:host="cct.com.sado.ksa"
145                    android:scheme="fbconnect" />
145-->src/main/AndroidManifest.xml:22:19-41
146            </intent-filter>
147        </activity>
148
149        <!-- Set up the Sign in with Apple activity, such that it's callable from the browser-redirect -->
150        <activity
150-->src/main/AndroidManifest.xml:98:9-110:20
151            android:name="com.aboutyou.dart_packages.sign_in_with_apple.SignInWithAppleCallback"
151-->src/main/AndroidManifest.xml:99:13-97
152            android:exported="true" >
152-->src/main/AndroidManifest.xml:100:13-36
153            <intent-filter>
153-->src/main/AndroidManifest.xml:102:13-109:29
154                <action android:name="android.intent.action.VIEW" />
154-->src/main/AndroidManifest.xml:21:13-65
154-->src/main/AndroidManifest.xml:21:21-62
155
156                <category android:name="android.intent.category.DEFAULT" />
156-->src/main/AndroidManifest.xml:70:17-76
156-->src/main/AndroidManifest.xml:70:27-73
157                <category android:name="android.intent.category.BROWSABLE" />
157-->src/main/AndroidManifest.xml:91:17-78
157-->src/main/AndroidManifest.xml:91:27-75
158
159                <data android:scheme="signinwithapple" />
159-->src/main/AndroidManifest.xml:22:13-44
159-->src/main/AndroidManifest.xml:22:19-41
160                <data android:path="callback" />
160-->src/main/AndroidManifest.xml:22:13-44
160-->src/main/AndroidManifest.xml:108:23-46
161            </intent-filter>
162        </activity>
163
164        <meta-data
164-->src/main/AndroidManifest.xml:77:9-78:54
165            android:name="com.facebook.sdk.ApplicationId"
165-->src/main/AndroidManifest.xml:77:20-65
166            android:value="@string/facebook_app_id" />
166-->src/main/AndroidManifest.xml:78:13-52
167        <meta-data
167-->src/main/AndroidManifest.xml:115:9-117:60
168            android:name="com.facebook.sdk.ClientToken"
168-->src/main/AndroidManifest.xml:116:13-56
169            android:value="@string/facebook_client_token" />
169-->src/main/AndroidManifest.xml:117:13-58
170        <meta-data
170-->src/main/AndroidManifest.xml:60:13-63:17
171            android:name="io.flutter.embedding.android.SplashScreenDrawable"
171-->src/main/AndroidManifest.xml:61:15-79
172            android:resource="@drawable/launch_background" />
172-->src/main/AndroidManifest.xml:62:15-61
173
174        <provider
175            android:name="vn.hunghd.flutterdownloader.DownloadedFileProvider"
175-->src/main/AndroidManifest.xml:124:13-78
176            android:authorities="com.sado.ksa.flutter_downloader.provider"
176-->src/main/AndroidManifest.xml:125:13-79
177            android:exported="false"
177-->src/main/AndroidManifest.xml:126:13-37
178            android:grantUriPermissions="true" >
178-->src/main/AndroidManifest.xml:127:13-47
179            <meta-data
179-->src/main/AndroidManifest.xml:128:13-130:57
180                android:name="android.support.FILE_PROVIDER_PATHS"
180-->src/main/AndroidManifest.xml:129:17-67
181                android:resource="@xml/provider_paths" />
181-->src/main/AndroidManifest.xml:130:17-55
182        </provider>
183
184        <service
184-->[:firebase_messaging] AndroidManifest.xml:16:9-19:72
185            android:name="io.flutter.plugins.firebase.messaging.FlutterFirebaseMessagingBackgroundService"
185-->[:firebase_messaging] AndroidManifest.xml:17:13-107
186            android:exported="false"
186-->[:firebase_messaging] AndroidManifest.xml:18:13-37
187            android:permission="android.permission.BIND_JOB_SERVICE" />
187-->[:firebase_messaging] AndroidManifest.xml:19:13-69
188        <service
188-->[:firebase_messaging] AndroidManifest.xml:20:9-26:19
189            android:name="io.flutter.plugins.firebase.messaging.FlutterFirebaseMessagingService"
189-->[:firebase_messaging] AndroidManifest.xml:21:13-97
190            android:exported="false" >
190-->[:firebase_messaging] AndroidManifest.xml:22:13-37
191            <intent-filter>
191-->[:firebase_messaging] AndroidManifest.xml:23:13-25:29
192                <action android:name="com.google.firebase.MESSAGING_EVENT" />
192-->[:firebase_messaging] AndroidManifest.xml:24:17-78
192-->[:firebase_messaging] AndroidManifest.xml:24:25-75
193            </intent-filter>
194        </service>
195
196        <receiver
196-->[:firebase_messaging] AndroidManifest.xml:28:9-35:20
197            android:name="io.flutter.plugins.firebase.messaging.FlutterFirebaseMessagingReceiver"
197-->[:firebase_messaging] AndroidManifest.xml:29:13-98
198            android:exported="true"
198-->[:firebase_messaging] AndroidManifest.xml:30:13-36
199            android:permission="com.google.android.c2dm.permission.SEND" >
199-->[:firebase_messaging] AndroidManifest.xml:31:13-73
200            <intent-filter>
200-->[:firebase_messaging] AndroidManifest.xml:32:13-34:29
201                <action android:name="com.google.android.c2dm.intent.RECEIVE" />
201-->[:firebase_messaging] AndroidManifest.xml:33:17-81
201-->[:firebase_messaging] AndroidManifest.xml:33:25-78
202            </intent-filter>
203        </receiver>
204
205        <service
205-->[:firebase_messaging] AndroidManifest.xml:37:9-41:19
206            android:name="com.google.firebase.components.ComponentDiscoveryService"
206-->[:firebase_messaging] AndroidManifest.xml:37:18-89
207            android:directBootAware="true"
207-->[com.google.firebase:firebase-common:21.0.0] AndroidManifest.xml:32:13-43
208            android:exported="false" >
208-->[com.google.firebase:firebase-messaging:24.1.0] AndroidManifest.xml:56:13-37
209            <meta-data
209-->[:firebase_messaging] AndroidManifest.xml:38:13-40:85
210                android:name="com.google.firebase.components:io.flutter.plugins.firebase.messaging.FlutterFirebaseAppRegistrar"
210-->[:firebase_messaging] AndroidManifest.xml:39:17-128
211                android:value="com.google.firebase.components.ComponentRegistrar" />
211-->[:firebase_messaging] AndroidManifest.xml:40:17-82
212            <meta-data
212-->[:firebase_core] AndroidManifest.xml:11:13-13:85
213                android:name="com.google.firebase.components:io.flutter.plugins.firebase.core.FlutterFirebaseCoreRegistrar"
213-->[:firebase_core] AndroidManifest.xml:12:17-124
214                android:value="com.google.firebase.components.ComponentRegistrar" />
214-->[:firebase_core] AndroidManifest.xml:13:17-82
215            <meta-data
215-->[com.google.firebase:firebase-messaging:24.1.0] AndroidManifest.xml:57:13-59:85
216                android:name="com.google.firebase.components:com.google.firebase.messaging.FirebaseMessagingKtxRegistrar"
216-->[com.google.firebase:firebase-messaging:24.1.0] AndroidManifest.xml:58:17-122
217                android:value="com.google.firebase.components.ComponentRegistrar" />
217-->[com.google.firebase:firebase-messaging:24.1.0] AndroidManifest.xml:59:17-82
218            <meta-data
218-->[com.google.firebase:firebase-messaging:24.1.0] AndroidManifest.xml:60:13-62:85
219                android:name="com.google.firebase.components:com.google.firebase.messaging.FirebaseMessagingRegistrar"
219-->[com.google.firebase:firebase-messaging:24.1.0] AndroidManifest.xml:61:17-119
220                android:value="com.google.firebase.components.ComponentRegistrar" />
220-->[com.google.firebase:firebase-messaging:24.1.0] AndroidManifest.xml:62:17-82
221            <meta-data
221-->[com.google.firebase:firebase-installations:18.0.0] AndroidManifest.xml:15:13-17:85
222                android:name="com.google.firebase.components:com.google.firebase.installations.FirebaseInstallationsKtxRegistrar"
222-->[com.google.firebase:firebase-installations:18.0.0] AndroidManifest.xml:16:17-130
223                android:value="com.google.firebase.components.ComponentRegistrar" />
223-->[com.google.firebase:firebase-installations:18.0.0] AndroidManifest.xml:17:17-82
224            <meta-data
224-->[com.google.firebase:firebase-installations:18.0.0] AndroidManifest.xml:18:13-20:85
225                android:name="com.google.firebase.components:com.google.firebase.installations.FirebaseInstallationsRegistrar"
225-->[com.google.firebase:firebase-installations:18.0.0] AndroidManifest.xml:19:17-127
226                android:value="com.google.firebase.components.ComponentRegistrar" />
226-->[com.google.firebase:firebase-installations:18.0.0] AndroidManifest.xml:20:17-82
227            <meta-data
227-->[com.google.firebase:firebase-common-ktx:21.0.0] AndroidManifest.xml:12:13-14:85
228                android:name="com.google.firebase.components:com.google.firebase.ktx.FirebaseCommonLegacyRegistrar"
228-->[com.google.firebase:firebase-common-ktx:21.0.0] AndroidManifest.xml:13:17-116
229                android:value="com.google.firebase.components.ComponentRegistrar" />
229-->[com.google.firebase:firebase-common-ktx:21.0.0] AndroidManifest.xml:14:17-82
230            <meta-data
230-->[com.google.firebase:firebase-common:21.0.0] AndroidManifest.xml:35:13-37:85
231                android:name="com.google.firebase.components:com.google.firebase.FirebaseCommonKtxRegistrar"
231-->[com.google.firebase:firebase-common:21.0.0] AndroidManifest.xml:36:17-109
232                android:value="com.google.firebase.components.ComponentRegistrar" />
232-->[com.google.firebase:firebase-common:21.0.0] AndroidManifest.xml:37:17-82
233            <meta-data
233-->[com.google.firebase:firebase-datatransport:18.2.0] AndroidManifest.xml:25:13-27:85
234                android:name="com.google.firebase.components:com.google.firebase.datatransport.TransportRegistrar"
234-->[com.google.firebase:firebase-datatransport:18.2.0] AndroidManifest.xml:26:17-115
235                android:value="com.google.firebase.components.ComponentRegistrar" />
235-->[com.google.firebase:firebase-datatransport:18.2.0] AndroidManifest.xml:27:17-82
236        </service>
237
238        <provider
238-->[:firebase_messaging] AndroidManifest.xml:43:9-47:38
239            android:name="io.flutter.plugins.firebase.messaging.FlutterFirebaseMessagingInitProvider"
239-->[:firebase_messaging] AndroidManifest.xml:44:13-102
240            android:authorities="com.sado.ksa.flutterfirebasemessaginginitprovider"
240-->[:firebase_messaging] AndroidManifest.xml:45:13-88
241            android:exported="false"
241-->[:firebase_messaging] AndroidManifest.xml:46:13-37
242            android:initOrder="99" />
242-->[:firebase_messaging] AndroidManifest.xml:47:13-35
243
244        <activity
244-->[:flutter_inappwebview_android] AndroidManifest.xml:16:9-20:47
245            android:name="com.pichillilorenzo.flutter_inappwebview_android.in_app_browser.InAppBrowserActivity"
245-->[:flutter_inappwebview_android] AndroidManifest.xml:17:13-112
246            android:configChanges="orientation|keyboardHidden|keyboard|screenSize|locale|layoutDirection|fontScale|screenLayout|density"
246-->[:flutter_inappwebview_android] AndroidManifest.xml:18:13-137
247            android:exported="false"
247-->[:flutter_inappwebview_android] AndroidManifest.xml:19:13-37
248            android:theme="@style/AppTheme" />
248-->[:flutter_inappwebview_android] AndroidManifest.xml:20:13-44
249        <activity
249-->[:flutter_inappwebview_android] AndroidManifest.xml:21:9-24:55
250            android:name="com.pichillilorenzo.flutter_inappwebview_android.chrome_custom_tabs.ChromeCustomTabsActivity"
250-->[:flutter_inappwebview_android] AndroidManifest.xml:22:13-120
251            android:exported="false"
251-->[:flutter_inappwebview_android] AndroidManifest.xml:23:13-37
252            android:theme="@style/ThemeTransparent" />
252-->[:flutter_inappwebview_android] AndroidManifest.xml:24:13-52
253        <activity
253-->[:flutter_inappwebview_android] AndroidManifest.xml:25:9-28:55
254            android:name="com.pichillilorenzo.flutter_inappwebview_android.chrome_custom_tabs.TrustedWebActivity"
254-->[:flutter_inappwebview_android] AndroidManifest.xml:26:13-114
255            android:exported="false"
255-->[:flutter_inappwebview_android] AndroidManifest.xml:27:13-37
256            android:theme="@style/ThemeTransparent" />
256-->[:flutter_inappwebview_android] AndroidManifest.xml:28:13-52
257        <activity
257-->[:flutter_inappwebview_android] AndroidManifest.xml:29:9-33:55
258            android:name="com.pichillilorenzo.flutter_inappwebview_android.chrome_custom_tabs.ChromeCustomTabsActivitySingleInstance"
258-->[:flutter_inappwebview_android] AndroidManifest.xml:30:13-134
259            android:exported="false"
259-->[:flutter_inappwebview_android] AndroidManifest.xml:31:13-37
260            android:launchMode="singleInstance"
260-->[:flutter_inappwebview_android] AndroidManifest.xml:32:13-48
261            android:theme="@style/ThemeTransparent" />
261-->[:flutter_inappwebview_android] AndroidManifest.xml:33:13-52
262        <activity
262-->[:flutter_inappwebview_android] AndroidManifest.xml:34:9-38:55
263            android:name="com.pichillilorenzo.flutter_inappwebview_android.chrome_custom_tabs.TrustedWebActivitySingleInstance"
263-->[:flutter_inappwebview_android] AndroidManifest.xml:35:13-128
264            android:exported="false"
264-->[:flutter_inappwebview_android] AndroidManifest.xml:36:13-37
265            android:launchMode="singleInstance"
265-->[:flutter_inappwebview_android] AndroidManifest.xml:37:13-48
266            android:theme="@style/ThemeTransparent" />
266-->[:flutter_inappwebview_android] AndroidManifest.xml:38:13-52
267
268        <receiver
268-->[:flutter_inappwebview_android] AndroidManifest.xml:40:9-43:40
269            android:name="com.pichillilorenzo.flutter_inappwebview_android.chrome_custom_tabs.ActionBroadcastReceiver"
269-->[:flutter_inappwebview_android] AndroidManifest.xml:41:13-119
270            android:enabled="true"
270-->[:flutter_inappwebview_android] AndroidManifest.xml:42:13-35
271            android:exported="false" />
271-->[:flutter_inappwebview_android] AndroidManifest.xml:43:13-37
272
273        <meta-data
273-->[:flutter_inappwebview_android] AndroidManifest.xml:45:9-47:36
274            android:name="io.flutter.embedded_views_preview"
274-->[:flutter_inappwebview_android] AndroidManifest.xml:46:13-61
275            android:value="true" />
275-->[:flutter_inappwebview_android] AndroidManifest.xml:47:13-33
276
277        <provider
277-->[:image_picker_android] AndroidManifest.xml:11:9-19:20
278            android:name="io.flutter.plugins.imagepicker.ImagePickerFileProvider"
278-->[:image_picker_android] AndroidManifest.xml:12:13-82
279            android:authorities="com.sado.ksa.flutter.image_provider"
279-->[:image_picker_android] AndroidManifest.xml:13:13-74
280            android:exported="false"
280-->[:image_picker_android] AndroidManifest.xml:14:13-37
281            android:grantUriPermissions="true" >
281-->[:image_picker_android] AndroidManifest.xml:15:13-47
282            <meta-data
282-->src/main/AndroidManifest.xml:128:13-130:57
283                android:name="android.support.FILE_PROVIDER_PATHS"
283-->src/main/AndroidManifest.xml:129:17-67
284                android:resource="@xml/flutter_image_picker_file_paths" />
284-->src/main/AndroidManifest.xml:130:17-55
285        </provider> <!-- Trigger Google Play services to install the backported photo picker module. -->
286        <service
286-->[:image_picker_android] AndroidManifest.xml:21:9-33:19
287            android:name="com.google.android.gms.metadata.ModuleDependencies"
287-->[:image_picker_android] AndroidManifest.xml:22:13-78
288            android:enabled="false"
288-->[:image_picker_android] AndroidManifest.xml:23:13-36
289            android:exported="false" >
289-->[:image_picker_android] AndroidManifest.xml:24:13-37
290            <intent-filter>
290-->[:image_picker_android] AndroidManifest.xml:26:13-28:29
291                <action android:name="com.google.android.gms.metadata.MODULE_DEPENDENCIES" />
291-->[:image_picker_android] AndroidManifest.xml:27:17-94